<?xml version="1.0" encoding="UTF-8"?>
<!-- Generated by org.testng.reporters.JUnitXMLReporter -->
<testsuite ignored="14" hostname="DESKTOP-1NATKDF" failures="1" tests="2" name="HerokuAppTests" time="12.283" errors="0" timestamp="2025-09-03T23:43:49 EEST">
  <testcase classname="tests.HerokuAppTests" name="TC16_enterAD" time="4.803"/>
  <testcase classname="tests.HerokuAppTests" name="TC16_enterAD_reload" time="5.045">
    <failure type="java.lang.AssertionError" message="there is an error in the page reload expected [true] but found [false]">
      <![CDATA[java.lang.AssertionError: there is an error in the page reload expected [true] but found [false]
at tests.HerokuAppTests.TC16_enterAD_reload(HerokuAppTests.java:305)
at java.base/java.util.ArrayList.forEach(ArrayList.java:1604)
... Removed 32 stack frames]]>
    </failure>
  </testcase> <!-- TC16_enterAD_reload -->
  <testcase classname="tests.HerokuAppTests" name="TC8_DisappearingElements" time="0.0">
    <ignored/>
  </testcase> <!-- TC8_DisappearingElements -->
  <testcase classname="tests.HerokuAppTests" name="TC6_checkedBoxes" time="0.0">
    <ignored/>
  </testcase> <!-- TC6_checkedBoxes -->
  <testcase classname="tests.HerokuAppTests" name="TC2_Add_Remove_Elements" time="0.0">
    <ignored/>
  </testcase> <!-- TC2_Add_Remove_Elements -->
  <testcase classname="tests.HerokuAppTests" name="TC1_AB_Test_Control" time="0.0">
    <ignored/>
  </testcase> <!-- TC1_AB_Test_Control -->
  <testcase classname="tests.HerokuAppTests" name="TC3_BasicAuth" time="0.0">
    <ignored/>
  </testcase> <!-- TC3_BasicAuth -->
  <testcase classname="tests.HerokuAppTests" name="TC11_DynamicContent" time="0.0">
    <ignored/>
  </testcase> <!-- TC11_DynamicContent -->
  <testcase classname="tests.HerokuAppTests" name="TC15_DynamicLoading2" time="0.0">
    <ignored/>
  </testcase> <!-- TC15_DynamicLoading2 -->
  <testcase classname="tests.HerokuAppTests" name="TC5_ChallengingDOM" time="0.0">
    <ignored/>
  </testcase> <!-- TC5_ChallengingDOM -->
  <testcase classname="tests.HerokuAppTests" name="TC12_dynamicAddAndRemove" time="0.0">
    <ignored/>
  </testcase> <!-- TC12_dynamicAddAndRemove -->
  <testcase classname="tests.HerokuAppTests" name="TC13_DynamicEnableAndDisable" time="0.0">
    <ignored/>
  </testcase> <!-- TC13_DynamicEnableAndDisable -->
  <testcase classname="tests.HerokuAppTests" name="TC10_DropDown" time="0.0">
    <ignored/>
  </testcase> <!-- TC10_DropDown -->
  <testcase classname="tests.HerokuAppTests" name="TC7_contextMneu" time="0.0">
    <ignored/>
  </testcase> <!-- TC7_contextMneu -->
  <testcase classname="tests.HerokuAppTests" name="TC14_DynamicLoading1" time="0.0">
    <ignored/>
  </testcase> <!-- TC14_DynamicLoading1 -->
  <testcase classname="tests.HerokuAppTests" name="TC9_DragAndDrop" time="0.0">
    <ignored/>
  </testcase> <!-- TC9_DragAndDrop -->
</testsuite> <!-- HerokuAppTests -->
